[debug] [2018-05-14T17:18:59.928Z] ----------------------------------------------------------------------
[debug] [2018-05-14T17:18:59.932Z] Command:       C:\Program Files\nodejs\node.exe C:\Users\joaop\AppData\Roaming\npm\node_modules\firebase-tools\bin\firebase deploy --only functions
[debug] [2018-05-14T17:18:59.932Z] CLI Version:   3.18.4
[debug] [2018-05-14T17:18:59.932Z] Platform:      win32
[debug] [2018-05-14T17:18:59.932Z] Node Version:  v6.3.1
[debug] [2018-05-14T17:18:59.932Z] Time:          Mon May 14 2018 14:18:59 GMT-0300 (Hora oficial do Brasil)
[debug] [2018-05-14T17:18:59.933Z] ----------------------------------------------------------------------
[debug] 
[debug] [2018-05-14T17:18:59.946Z] > command requires scopes: ["email","openid","https://www.googleapis.com/auth/cloudplatformprojects.readonly","https://www.googleapis.com/auth/firebase","https://www.googleapis.com/auth/cloud-platform"]
[debug] [2018-05-14T17:18:59.946Z] > authorizing via signed-in user
[debug] [2018-05-14T17:18:59.948Z] > refreshing access token with scopes: ["email","https://www.googleapis.com/auth/cloud-platform","https://www.googleapis.com/auth/cloudplatformprojects.readonly","https://www.googleapis.com/auth/firebase","openid"]
[debug] [2018-05-14T17:18:59.949Z] >>> HTTP REQUEST POST https://www.googleapis.com/oauth2/v3/token  
 { refresh_token: '1/fnYzA0c4tP3mcsOCu1Hr7ub1D0DnYL7r0D_oUl5IkWH5icCSOW_qaH_nnRdr7PVB',
  client_id: '563584335869-fgrhgmd47bqnekij5i8b5pr03ho849e6.apps.googleusercontent.com',
  client_secret: 'j9iVZfS8kkCEFUPaAeJV0sAi',
  grant_type: 'refresh_token',
  scope: 'email https://www.googleapis.com/auth/cloud-platform https://www.googleapis.com/auth/cloudplatformprojects.readonly https://www.googleapis.com/auth/firebase openid' } 
 Mon May 14 2018 14:18:59 GMT-0300 (Hora oficial do Brasil)
[debug] [2018-05-14T17:19:00.452Z] <<< HTTP RESPONSE 200
[debug] [2018-05-14T17:19:00.471Z] >>> HTTP REQUEST GET https://admin.firebase.com/v1/projects/challenge-b48be  
  
 Mon May 14 2018 14:19:00 GMT-0300 (Hora oficial do Brasil)
[debug] [2018-05-14T17:19:02.587Z] <<< HTTP RESPONSE 200
[debug] [2018-05-14T17:19:02.589Z] >>> HTTP REQUEST GET https://admin.firebase.com/v1/database/challenge-b48be/tokens  
  
 Mon May 14 2018 14:19:02 GMT-0300 (Hora oficial do Brasil)
[debug] [2018-05-14T17:19:03.815Z] <<< HTTP RESPONSE 200
[info] 
[info] === Deploying to 'challenge-b48be'...
[info] 
[info] i  deploying functions
[info] Running command: npm --prefix "$RESOURCE_DIR" run lint
